<?xml version="1.0" encoding="UTF-8"?>
<!-- Generated by org.testng.reporters.JUnitReportReporter -->
<testsuite hostname="DESKTOP-OS5JFK3" name="test_driver.test2" tests="1" failures="0" timestamp="26 Oct 2018 11:35:17 GMT" time="5.996" errors="0">
  <testcase name="testmethod" time="5.996" classname="test_driver.test2"/>
</testsuite> <!-- test_driver.test2 -->
